2024-01-17 17:51:30,824 [INFO] Activator:176 - 


2024-01-17 17:51:30,824 [INFO] Activator:177 - !SESSION log4j initialized
2024-01-17 17:51:38,418 [INFO] LogOutputStream:77 - [STDOUT_REDIRECT] 
2024-01-17 17:51:44,099 [INFO] ApplicationProperties:184 - Using Application install path: C:\ST\STM32CubeIDE_1.14.1\STM32CubeIDE\plugins\com.st.stm32cube.common.mx_6.10.0.202311202037
2024-01-17 17:51:44,153 [INFO] DbMcusXml:78 - Set database path to: C:\ST\STM32CubeIDE_1.14.1\STM32CubeIDE\plugins\com.st.stm32cube.common.mx_6.10.0.202311202037\\db\/mcu/
2024-01-17 17:51:44,154 [INFO] ApiDb:274 - Set plugin database path to: C:\ST\STM32CubeIDE_1.14.1\STM32CubeIDE\plugins\com.st.stm32cube.common.mx_6.10.0.202311202037\\db\/plugins/boardmanager/
2024-01-17 17:51:44,156 [WARN] ApiDb:259 - Overriding images path with different value:  => C:\ST\STM32CubeIDE_1.14.1\STM32CubeIDE\plugins\com.st.stm32cube.common.mx_6.10.0.202311202037\\db\/plugins/mcufinder/images/
2024-01-17 17:51:48,652 [WARN] ApiFinderProperties:113 - C:\Users\lankm\.stmcufinder\plugins\mcufinder\mcu\mcuFinder.mfd doesn't exist
2024-01-17 17:51:48,657 [INFO] ApiDb:250 - Set database path to: C:\Users\lankm\.stmcufinder\plugins\mcufinder//mcu/
2024-01-17 17:51:48,660 [INFO] DbMcusAds:125 - Set database path to: C:\Users\lankm\.stmcufinder\plugins\mcufinder//mcu/
2024-01-17 17:51:48,665 [INFO] CrossReferenceDbSqlite:203 - Set database path to: C:\Users\lankm\.stmcufinder\plugins\mcufinder//mcu/cs/
2024-01-17 17:51:48,938 [INFO] RulesReader:64 - Compatibility file has been processed (297 Rules)
2024-01-17 17:51:49,170 [INFO] DbMcusXml:78 - Set database path to: C:\ST\STM32CubeIDE_1.14.1\STM32CubeIDE\plugins\com.st.stm32cube.common.mx_6.10.0.202311202037\\db\/mcu/
2024-01-17 17:51:49,170 [INFO] ApiDb:274 - Set plugin database path to: C:\ST\STM32CubeIDE_1.14.1\STM32CubeIDE\plugins\com.st.stm32cube.common.mx_6.10.0.202311202037\\db\/plugins/boardmanager/
2024-01-17 17:51:49,171 [INFO] ApiDb:261 - Set plugin images path to: C:\ST\STM32CubeIDE_1.14.1\STM32CubeIDE\plugins\com.st.stm32cube.common.mx_6.10.0.202311202037\\db\/plugins/mcufinder/images/
2024-01-17 17:51:49,171 [WARN] DbFile:41 - Overriding database path with different value: C:\Users\lankm\.stmcufinder\plugins\mcufinder/ => C:\Users\lankm\.stmcufinder\plugins\mcufinder
2024-01-17 17:51:49,171 [INFO] ApiDb:250 - Set database path to: C:\Users\lankm\.stmcufinder\plugins\mcufinder//mcu/
2024-01-17 17:51:49,172 [WARN] DbFile:41 - Overriding database path with different value: C:\Users\lankm\.stmcufinder\plugins\mcufinder/ => C:\Users\lankm\.stmcufinder\plugins\mcufinder
2024-01-17 17:51:49,172 [INFO] DbMcusAds:125 - Set database path to: C:\Users\lankm\.stmcufinder\plugins\mcufinder//mcu/
2024-01-17 17:51:49,172 [WARN] DbFile:41 - Overriding database path with different value: C:\Users\lankm\.stmcufinder\plugins\mcufinder/ => C:\Users\lankm\.stmcufinder\plugins\mcufinder
2024-01-17 17:51:49,172 [WARN] DbFile:41 - Overriding database path with different value: C:\Users\lankm\.stmcufinder\plugins\mcufinder/ => C:\Users\lankm\.stmcufinder\plugins\mcufinder
2024-01-17 17:51:49,180 [INFO] CrossReferenceDbSqlite:203 - Set database path to: C:\Users\lankm\.stmcufinder\plugins\mcufinder//mcu/cs/
2024-01-17 17:51:49,383 [INFO] MainPanel:264 - HeapMemory: 268435456
2024-01-17 17:51:49,594 [INFO] DbMcusXml:78 - Set database path to: C:\ST\STM32CubeIDE_1.14.1\STM32CubeIDE\plugins\com.st.stm32cube.common.mx_6.10.0.202311202037\\db\/mcu/
2024-01-17 17:51:49,595 [INFO] ApiDb:274 - Set plugin database path to: C:\ST\STM32CubeIDE_1.14.1\STM32CubeIDE\plugins\com.st.stm32cube.common.mx_6.10.0.202311202037\\db\/plugins/boardmanager/
2024-01-17 17:51:49,595 [INFO] ApiDb:261 - Set plugin images path to: C:\ST\STM32CubeIDE_1.14.1\STM32CubeIDE\plugins\com.st.stm32cube.common.mx_6.10.0.202311202037\\db\/plugins/mcufinder/images/
2024-01-17 17:51:49,596 [WARN] DbFile:41 - Overriding database path with different value: C:\Users\lankm\.stmcufinder\plugins\mcufinder/ => C:\Users\lankm\.stmcufinder\plugins\mcufinder
2024-01-17 17:51:49,596 [INFO] ApiDb:250 - Set database path to: C:\Users\lankm\.stmcufinder\plugins\mcufinder//mcu/
2024-01-17 17:51:49,597 [WARN] DbFile:41 - Overriding database path with different value: C:\Users\lankm\.stmcufinder\plugins\mcufinder/ => C:\Users\lankm\.stmcufinder\plugins\mcufinder
2024-01-17 17:51:49,597 [INFO] DbMcusAds:125 - Set database path to: C:\Users\lankm\.stmcufinder\plugins\mcufinder//mcu/
2024-01-17 17:51:49,597 [WARN] DbFile:41 - Overriding database path with different value: C:\Users\lankm\.stmcufinder\plugins\mcufinder/ => C:\Users\lankm\.stmcufinder\plugins\mcufinder
2024-01-17 17:51:49,597 [WARN] DbFile:41 - Overriding database path with different value: C:\Users\lankm\.stmcufinder\plugins\mcufinder/ => C:\Users\lankm\.stmcufinder\plugins\mcufinder
2024-01-17 17:51:49,598 [INFO] CrossReferenceDbSqlite:203 - Set database path to: C:\Users\lankm\.stmcufinder\plugins\mcufinder//mcu/cs/
2024-01-17 17:51:49,697 [INFO] ApplicationProperties:184 - Using Application install path: C:\ST\STM32CubeIDE_1.14.1\STM32CubeIDE\plugins\com.st.stm32cube.common.mx_6.10.0.202311202037
2024-01-17 17:51:49,700 [INFO] PluginManage:196 - Search for loadable plugins [exclusion list=, ]
2024-01-17 17:51:49,704 [INFO] PluginManage:310 - Check plugin analytics
2024-01-17 17:51:50,101 [INFO] AnalyticsPlugin:253 - Accepted Software Licenses: 
2024-01-17 17:51:50,102 [INFO] AnalyticsPlugin:255 - Accepted CMSIS Pack Licenses: 
2024-01-17 17:51:50,102 [INFO] AnalyticsPlugin:257 - Accepted Firmware Licenses: 
2024-01-17 17:51:50,111 [INFO] PluginManage:359 - Loaded plugin analytics (category:tool,tabindex:-1)
2024-01-17 17:51:50,112 [INFO] PluginManage:310 - Check plugin cadmodel
2024-01-17 17:51:50,125 [INFO] CADModel:105 - Init CAD model plugin
2024-01-17 17:51:50,126 [INFO] PluginManage:359 - Loaded plugin cadmodel (category:power,tabindex:5)
2024-01-17 17:51:50,126 [INFO] PluginManage:310 - Check plugin clock
2024-01-17 17:51:50,156 [INFO] PluginManage:359 - Loaded plugin clock (category:base,tabindex:2)
2024-01-17 17:51:50,157 [INFO] PluginManage:310 - Check plugin ddr
2024-01-17 17:51:50,163 [INFO] PluginManage:359 - Loaded plugin ddr (category:tool,tabindex:6)
2024-01-17 17:51:50,164 [INFO] PluginManage:310 - Check plugin filemanager
2024-01-17 17:51:50,539 [INFO] PluginManage:359 - Loaded plugin filemanager (category:base,tabindex:10)
2024-01-17 17:51:50,539 [INFO] PluginManage:310 - Check plugin ipmanager
2024-01-17 17:51:50,563 [INFO] PluginManage:359 - Loaded plugin ipmanager (category:base,tabindex:5)
2024-01-17 17:51:50,564 [INFO] PluginManage:310 - Check plugin lpbam
2024-01-17 17:51:50,590 [INFO] PluginManage:359 - Loaded plugin lpbam (category:base,tabindex:0)
2024-01-17 17:51:50,590 [INFO] PluginManage:310 - Check plugin memorymap
2024-01-17 17:51:50,632 [INFO] PluginManage:359 - Loaded plugin memorymap (category:base,tabindex:4)
2024-01-17 17:51:50,633 [INFO] PluginManage:310 - Check plugin pinoutandconfiguration
2024-01-17 17:51:50,658 [INFO] PluginManage:359 - Loaded plugin pinoutandconfiguration (category:base,tabindex:1)
2024-01-17 17:51:50,658 [INFO] PluginManage:310 - Check plugin pinoutconfig
2024-01-17 17:51:50,942 [WARN] SupportedApi:132 - Cannot load RTOS API schema: s4s-elt-must-match.1: The content of 'definitions' must match (annotation?, (simpleType | complexType)?, (unique | key | keyref)*)). A problem was found starting at: attribute.
2024-01-17 17:51:51,341 [INFO] PluginManage:359 - Loaded plugin pinoutconfig (category:base,tabindex:0)
2024-01-17 17:51:51,342 [INFO] PluginManage:310 - Check plugin power
2024-01-17 17:51:51,365 [INFO] PluginManage:359 - Loaded plugin power (category:power,tabindex:4)
2024-01-17 17:51:51,365 [INFO] PluginManage:310 - Check plugin projectmanager
2024-01-17 17:51:51,411 [INFO] PluginManage:359 - Loaded plugin projectmanager (category:projectmanager,tabindex:3)
2024-01-17 17:51:51,411 [INFO] PluginManage:310 - Check plugin thirdparty
2024-01-17 17:51:51,814 [WARN] IntegrityCheckThread:84 - waiting for thirdparty lock release [integrity check]
2024-01-17 17:51:51,814 [INFO] PluginManage:359 - Loaded plugin thirdparty (category:base,tabindex:-1)
2024-01-17 17:51:51,815 [INFO] IntegrityCheckThread:86 - entering critical section [integrity check]
2024-01-17 17:51:51,815 [INFO] PluginManage:310 - Check plugin tools
2024-01-17 17:51:51,816 [INFO] ThirdPartyUpdaterWithRetryManager:70 - Updater plugin not ready yet. [1/15]
2024-01-17 17:51:51,825 [INFO] PluginManage:359 - Loaded plugin tools (category:base,tabindex:7)
2024-01-17 17:51:51,825 [INFO] PluginManage:310 - Check plugin tutovideos
2024-01-17 17:51:52,267 [INFO] PluginManage:359 - Loaded plugin tutovideos (category:base,tabindex:-1)
2024-01-17 17:51:52,267 [INFO] PluginManage:310 - Check plugin updater
2024-01-17 17:51:52,292 [INFO] PluginManage:359 - Loaded plugin updater (category:base,tabindex:12)
2024-01-17 17:51:52,293 [INFO] PluginManage:310 - Check plugin userauth
2024-01-17 17:51:52,304 [INFO] UserAuth:114 - Init User Auth plugin
2024-01-17 17:51:52,304 [INFO] PluginManage:359 - Loaded plugin userauth (category:base,tabindex:14)
2024-01-17 17:51:52,306 [INFO] PluginManage:283 - PluginManage : Loaded plugins [17]
2024-01-17 17:51:52,881 [INFO] PinOutPanel:1499 - setPackage(No Configuration,No Configuration)
2024-01-17 17:51:53,072 [INFO] CADModel:165 - CPN selected for project level
2024-01-17 17:51:53,072 [INFO] CADModel:114 - Register for checkConnection events
2024-01-17 17:51:53,110 [INFO] IPUIPlugin:80 - create IPUIPlugin
2024-01-17 17:51:53,111 [INFO] PluginManager:220 - loadIPPluginJar : add adc
2024-01-17 17:51:53,118 [INFO] IPUIPlugin:80 - create IPUIPlugin
2024-01-17 17:51:53,118 [INFO] PluginManager:220 - loadIPPluginJar : add aes
2024-01-17 17:51:53,126 [INFO] IPUIPlugin:80 - create IPUIPlugin
2024-01-17 17:51:53,126 [INFO] PluginManager:220 - loadIPPluginJar : add can
2024-01-17 17:51:53,133 [INFO] IPUIPlugin:80 - create IPUIPlugin
2024-01-17 17:51:53,134 [INFO] PluginManager:220 - loadIPPluginJar : add comp
2024-01-17 17:51:53,141 [INFO] IPUIPlugin:80 - create IPUIPlugin
2024-01-17 17:51:53,141 [INFO] PluginManager:220 - loadIPPluginJar : add cryp
2024-01-17 17:51:53,148 [INFO] IPUIPlugin:80 - create IPUIPlugin
2024-01-17 17:51:53,148 [INFO] PluginManager:220 - loadIPPluginJar : add dfsdm
2024-01-17 17:51:53,162 [INFO] IPUIPlugin:80 - create IPUIPlugin
2024-01-17 17:51:53,163 [INFO] PluginManager:220 - loadIPPluginJar : add dma
2024-01-17 17:51:53,170 [INFO] IPUIPlugin:80 - create IPUIPlugin
2024-01-17 17:51:53,170 [INFO] PluginManager:220 - loadIPPluginJar : add dma3
2024-01-17 17:51:53,175 [INFO] IPUIPlugin:80 - create IPUIPlugin
2024-01-17 17:51:53,175 [INFO] PluginManager:220 - loadIPPluginJar : add fatfs
2024-01-17 17:51:53,186 [INFO] IPUIPlugin:80 - create IPUIPlugin
2024-01-17 17:51:53,186 [INFO] PluginManager:220 - loadIPPluginJar : add fmc
2024-01-17 17:51:53,200 [INFO] IPUIPlugin:80 - create IPUIPlugin
2024-01-17 17:51:53,201 [INFO] PluginManager:220 - loadIPPluginJar : add freertos
2024-01-17 17:51:53,205 [INFO] IPUIPlugin:80 - create IPUIPlugin
2024-01-17 17:51:53,205 [INFO] PluginManager:220 - loadIPPluginJar : add genericplugin
2024-01-17 17:51:53,213 [INFO] IPUIPlugin:80 - create IPUIPlugin
2024-01-17 17:51:53,213 [INFO] PluginManager:220 - loadIPPluginJar : add gfxmmu
2024-01-17 17:51:53,225 [INFO] IPUIPlugin:80 - create IPUIPlugin
2024-01-17 17:51:53,226 [INFO] PluginManager:220 - loadIPPluginJar : add gic
2024-01-17 17:51:53,236 [INFO] IPUIPlugin:80 - create IPUIPlugin
2024-01-17 17:51:53,237 [INFO] PluginManager:220 - loadIPPluginJar : add gpio
2024-01-17 17:51:53,245 [INFO] IPUIPlugin:80 - create IPUIPlugin
2024-01-17 17:51:53,245 [INFO] PluginManager:220 - loadIPPluginJar : add gtzc
2024-01-17 17:51:53,251 [INFO] IPUIPlugin:80 - create IPUIPlugin
2024-01-17 17:51:53,252 [INFO] PluginManager:220 - loadIPPluginJar : add hash
2024-01-17 17:51:53,259 [INFO] IPUIPlugin:80 - create IPUIPlugin
2024-01-17 17:51:53,259 [INFO] PluginManager:220 - loadIPPluginJar : add i2c
2024-01-17 17:51:53,266 [INFO] IPUIPlugin:80 - create IPUIPlugin
2024-01-17 17:51:53,267 [INFO] PluginManager:220 - loadIPPluginJar : add i2s
2024-01-17 17:51:53,274 [INFO] IPUIPlugin:80 - create IPUIPlugin
2024-01-17 17:51:53,274 [INFO] PluginManager:220 - loadIPPluginJar : add i3c
2024-01-17 17:51:53,282 [INFO] IPUIPlugin:80 - create IPUIPlugin
2024-01-17 17:51:53,282 [INFO] PluginManager:220 - loadIPPluginJar : add ipddr
2024-01-17 17:51:53,298 [INFO] IPUIPlugin:80 - create IPUIPlugin
2024-01-17 17:51:53,298 [INFO] PluginManager:220 - loadIPPluginJar : add linkedlist
2024-01-17 17:51:53,306 [INFO] IPUIPlugin:80 - create IPUIPlugin
2024-01-17 17:51:53,306 [INFO] PluginManager:220 - loadIPPluginJar : add lorawan
2024-01-17 17:51:53,310 [INFO] IPUIPlugin:80 - create IPUIPlugin
2024-01-17 17:51:53,311 [INFO] PluginManager:220 - loadIPPluginJar : add ltdc
2024-01-17 17:51:53,324 [INFO] IPUIPlugin:80 - create IPUIPlugin
2024-01-17 17:51:53,325 [INFO] PluginManager:220 - loadIPPluginJar : add mdma
2024-01-17 17:51:53,335 [INFO] IPUIPlugin:80 - create IPUIPlugin
2024-01-17 17:51:53,335 [INFO] PluginManager:220 - loadIPPluginJar : add nvic
2024-01-17 17:51:53,343 [INFO] IPUIPlugin:80 - create IPUIPlugin
2024-01-17 17:51:53,343 [INFO] PluginManager:220 - loadIPPluginJar : add opamp
2024-01-17 17:51:53,352 [INFO] IPUIPlugin:80 - create IPUIPlugin
2024-01-17 17:51:53,353 [INFO] PluginManager:220 - loadIPPluginJar : add openamp
2024-01-17 17:51:53,361 [INFO] IPUIPlugin:80 - create IPUIPlugin
2024-01-17 17:51:53,361 [INFO] PluginManager:220 - loadIPPluginJar : add pdm2pcm
2024-01-17 17:51:53,375 [INFO] IPUIPlugin:80 - create IPUIPlugin
2024-01-17 17:51:53,381 [INFO] PluginManager:220 - loadIPPluginJar : add plateformsettings
2024-01-17 17:51:53,385 [INFO] IPUIPlugin:80 - create IPUIPlugin
2024-01-17 17:51:53,386 [INFO] PluginManager:220 - loadIPPluginJar : add quadspi
2024-01-17 17:51:53,395 [INFO] IPUIPlugin:80 - create IPUIPlugin
2024-01-17 17:51:53,395 [INFO] PluginManager:220 - loadIPPluginJar : add resmgrutility
2024-01-17 17:51:53,403 [INFO] IPUIPlugin:80 - create IPUIPlugin
2024-01-17 17:51:53,403 [INFO] PluginManager:220 - loadIPPluginJar : add sai
2024-01-17 17:51:53,410 [INFO] IPUIPlugin:80 - create IPUIPlugin
2024-01-17 17:51:53,410 [INFO] PluginManager:220 - loadIPPluginJar : add spi
2024-01-17 17:51:53,422 [INFO] IPUIPlugin:80 - create IPUIPlugin
2024-01-17 17:51:53,423 [INFO] PluginManager:220 - loadIPPluginJar : add stm32_wpan
2024-01-17 17:51:53,428 [INFO] IPUIPlugin:80 - create IPUIPlugin
2024-01-17 17:51:53,428 [INFO] PluginManager:220 - loadIPPluginJar : add tim
2024-01-17 17:51:53,436 [INFO] IPUIPlugin:80 - create IPUIPlugin
2024-01-17 17:51:53,437 [INFO] PluginManager:220 - loadIPPluginJar : add touchsensing
2024-01-17 17:51:53,441 [INFO] IPUIPlugin:80 - create IPUIPlugin
2024-01-17 17:51:53,442 [INFO] PluginManager:220 - loadIPPluginJar : add tracer_emb
2024-01-17 17:51:53,447 [INFO] IPUIPlugin:80 - create IPUIPlugin
2024-01-17 17:51:53,447 [INFO] PluginManager:220 - loadIPPluginJar : add ts
2024-01-17 17:51:53,452 [INFO] IPUIPlugin:80 - create IPUIPlugin
2024-01-17 17:51:53,452 [INFO] PluginManager:220 - loadIPPluginJar : add tsc
2024-01-17 17:51:53,457 [INFO] IPUIPlugin:80 - create IPUIPlugin
2024-01-17 17:51:53,458 [INFO] PluginManager:220 - loadIPPluginJar : add ucpd
2024-01-17 17:51:53,465 [INFO] IPUIPlugin:80 - create IPUIPlugin
2024-01-17 17:51:53,465 [INFO] PluginManager:220 - loadIPPluginJar : add usart
2024-01-17 17:51:53,472 [INFO] IPUIPlugin:80 - create IPUIPlugin
2024-01-17 17:51:53,473 [INFO] PluginManager:220 - loadIPPluginJar : add usbx
2024-01-17 17:51:53,709 [INFO] CADModel:165 - CPN selected for project level
2024-01-17 17:51:53,709 [INFO] CADModel:114 - Register for checkConnection events
2024-01-17 17:51:53,710 [FATAL] Updater:308 - Updater called before beeing initialized
2024-01-17 17:51:53,710 [ERROR] CADModel:125 - Updater not yet initialized, retry later 
2024-01-17 17:51:54,114 [INFO] CADModel:165 - CPN selected for project level
2024-01-17 17:51:54,114 [INFO] CADModel:114 - Register for checkConnection events
2024-01-17 17:51:54,114 [FATAL] Updater:308 - Updater called before beeing initialized
2024-01-17 17:51:54,115 [ERROR] CADModel:125 - Updater not yet initialized, retry later 
2024-01-17 17:51:54,121 [FATAL] Updater:308 - Updater called before beeing initialized
2024-01-17 17:51:54,393 [FATAL] Updater:308 - Updater called before beeing initialized
2024-01-17 17:51:54,404 [INFO] DbMcusAds:53 - JSON generation date=Thu Sep 30 01:55:09 CDT 2021 (1632984909247)
2024-01-17 17:51:54,404 [FATAL] Updater:308 - Updater called before beeing initialized
2024-01-17 17:51:54,498 [WARN] DetailPanel:346 - Failed to get advertising image, set to default
2024-01-17 17:51:54,727 [FATAL] Updater:308 - Updater called before beeing initialized
2024-01-17 17:51:54,731 [FATAL] Updater:308 - Updater called before beeing initialized
2024-01-17 17:51:54,731 [FATAL] Updater:308 - Updater called before beeing initialized
2024-01-17 17:51:54,731 [WARN] DetailPanel:346 - Failed to get advertising image, set to default
2024-01-17 17:51:54,733 [FATAL] Updater:308 - Updater called before beeing initialized
2024-01-17 17:51:54,817 [INFO] ThirdPartyUpdaterWithRetryManager:70 - Updater plugin not ready yet. [2/15]
2024-01-17 17:51:54,878 [ERROR] Updater:1120 - MainUpdater not yet initialized. External WinMGr cannot be set.
2024-01-17 17:51:54,902 [INFO] Updater:1056 - Updater Version found : 6.10.0
2024-01-17 17:51:54,942 [INFO] ApplicationProperties:184 - Using Application install path: C:\ST\STM32CubeIDE_1.14.1\STM32CubeIDE\plugins\com.st.stm32cube.common.mx_6.10.0.202311202037
2024-01-17 17:51:56,540 [ERROR] LogOutputStream:75 - [STDERR_REDIRECT] Jan 17, 2024 5:51:56 PM java.util.prefs.WindowsPreferences <init>
2024-01-17 17:51:56,544 [ERROR] LogOutputStream:75 - [STDERR_REDIRECT] WARNING: Could not open/create prefs root node Software\JavaSoft\Prefs at root 0xffffffff80000002. Windows RegCreateKeyEx(...) returned error code 5.
2024-01-17 17:51:56,544 [ERROR] LogOutputStream:75 - [STDERR_REDIRECT] 
2024-01-17 17:51:56,588 [INFO] MainUpdater:526 - Copy updater definitions from MX database
2024-01-17 17:51:56,690 [INFO] MainUpdater:559 - Copy flag file definitions from MX database
2024-01-17 17:51:56,699 [INFO] MainUpdater:575 - Copy thirdparty index definitions from MX database
2024-01-17 17:51:56,705 [INFO] MainUpdater:594 - Copy default thirdparty db definitions from MX database
2024-01-17 17:51:57,348 [INFO] MainUpdater:2873 - connection check result : 10
2024-01-17 17:51:57,349 [INFO] MainUpdater:3567 - Updater definition file requires update
2024-01-17 17:51:57,352 [INFO] MainUpdater:290 - Updater Check For Update Now.
2024-01-17 17:51:57,352 [INFO] MicroXplorer:498 - Change Database Version : DB.6.0.100
2024-01-17 17:51:57,388 [INFO] McuFinderGlobals:63 - Set McuFinder mode to 2 (CubeIDE integrated)
2024-01-17 17:51:57,389 [INFO] UserAuth:180 - activating auth plugin
2024-01-17 17:51:57,395 [INFO] UserAuth:404 - Internet connection configuration mode: 1
2024-01-17 17:51:57,429 [INFO] JxBrowserEngine:152 - Initiate JxBrowser Engine with user profile folder
2024-01-17 17:51:57,737 [INFO] ServerAccessManage:473 - Download File updaters.zip
2024-01-17 17:51:57,820 [WARN] MainUpdater:1194 - Updater busy. Cannot search thirdparties
2024-01-17 17:51:57,821 [INFO] ThirdPartyUpdaterWithRetryManager:96 - Updater plugin is busy. [1/15]
2024-01-17 17:51:57,948 [INFO] FileExtend:240 - Unzip File : updaters.zip
2024-01-17 17:51:57,949 [INFO] FileExtend:255 - Standard Zip Deflate
2024-01-17 17:51:59,239 [INFO] ServerAccessManage:473 - Download File PacksControlFlags.xml
2024-01-17 17:51:59,485 [INFO] ServerAccessManage:473 - Download File cubemx.pidx
2024-01-17 17:52:00,000 [INFO] ServerAccessManage:473 - Download File STMicroelectronics.FP-ATR-ASTRA1.pdsc
2024-01-17 17:52:00,591 [INFO] ServerAccessManage:473 - Download File STMicroelectronics.FP-ATR-SIGFOX1.pdsc
2024-01-17 17:52:00,824 [WARN] MainUpdater:1194 - Updater busy. Cannot search thirdparties
2024-01-17 17:52:00,825 [INFO] ThirdPartyUpdaterWithRetryManager:96 - Updater plugin is busy. [2/15]
2024-01-17 17:52:00,873 [INFO] ServerAccessManage:473 - Download File STMicroelectronics.FP-SNS-FLIGHT1.pdsc
2024-01-17 17:52:01,367 [INFO] ServerAccessManage:473 - Download File STMicroelectronics.FP-SNS-MOTENV1.pdsc
2024-01-17 17:52:01,896 [INFO] ServerAccessManage:473 - Download File STMicroelectronics.FP-SNS-MOTENVWB1.pdsc
2024-01-17 17:52:02,294 [INFO] ServerAccessManage:473 - Download File STMicroelectronics.FP-SNS-SMARTAG2.pdsc
2024-01-17 17:52:02,642 [INFO] ServerAccessManage:473 - Download File STMicroelectronics.X-CUBE-AI.pdsc
2024-01-17 17:52:03,826 [WARN] MainUpdater:1194 - Updater busy. Cannot search thirdparties
2024-01-17 17:52:03,826 [INFO] ThirdPartyUpdaterWithRetryManager:96 - Updater plugin is busy. [3/15]
2024-01-17 17:52:04,863 [INFO] ServerAccessManage:473 - Download File STMicroelectronics.X-CUBE-ALS.pdsc
2024-01-17 17:52:05,229 [INFO] ServerAccessManage:473 - Download File STMicroelectronics.X-CUBE-BLE1.pdsc
2024-01-17 17:52:06,829 [WARN] MainUpdater:1194 - Updater busy. Cannot search thirdparties
2024-01-17 17:52:06,829 [INFO] ThirdPartyUpdaterWithRetryManager:96 - Updater plugin is busy. [4/15]
2024-01-17 17:52:07,567 [ERROR] ServerAccessManage:1089 - Problem, file not found on Server
2024-01-17 17:52:07,665 [INFO] ServerAccessManage:473 - Download File STMicroelectronics.X-CUBE-BLE2.pdsc
2024-01-17 17:52:09,049 [INFO] ServerAccessManage:473 - Download File STMicroelectronics.X-CUBE-BLEMGR.pdsc
2024-01-17 17:52:09,831 [WARN] MainUpdater:1194 - Updater busy. Cannot search thirdparties
2024-01-17 17:52:09,831 [INFO] ServerAccessManage:473 - Download File STMicroelectronics.X-CUBE-DISPLAY.pdsc
2024-01-17 17:52:09,831 [INFO] ThirdPartyUpdaterWithRetryManager:96 - Updater plugin is busy. [5/15]
2024-01-17 17:52:10,307 [INFO] WebApp:161 - Instantiating new browser for Auth
2024-01-17 17:52:10,768 [INFO] ServerAccessManage:473 - Download File STMicroelectronics.X-CUBE-EEPRMA1.pdsc
2024-01-17 17:52:11,924 [INFO] WebApp:780 - Register for checkConnection events
2024-01-17 17:52:11,925 [INFO] WebApp:414 - Apply proxy settings
2024-01-17 17:52:11,925 [INFO] WebApp:499 - Chromium requires no authentication
2024-01-17 17:52:11,942 [INFO] WebApp:442 - Direct internet connection detected
2024-01-17 17:52:12,071 [ERROR] ServerAccessManage:1089 - Problem, file not found on Server
2024-01-17 17:52:12,348 [INFO] WebApp:192 - Starting web application
2024-01-17 17:52:12,349 [INFO] WebApp:544 - Web application path used C:\ST\STM32CubeIDE_1.14.1\STM32CubeIDE\plugins\com.st.stm32cube.common.mx_6.10.0.202311202037\db\plugins\mcufinder\reactClient1\index.html
2024-01-17 17:52:12,575 [INFO] ServerAccessManage:473 - Download File STMicroelectronics.X-CUBE-FREERTOS.pdsc
2024-01-17 17:52:12,833 [WARN] MainUpdater:1194 - Updater busy. Cannot search thirdparties
2024-01-17 17:52:12,833 [INFO] ThirdPartyUpdaterWithRetryManager:96 - Updater plugin is busy. [6/15]
2024-01-17 17:52:13,279 [INFO] ServerAccessManage:473 - Download File STMicroelectronics.X-CUBE-GNSS1.pdsc
2024-01-17 17:52:14,393 [ERROR] ServerAccessManage:1089 - Problem, file not found on Server
2024-01-17 17:52:14,638 [ERROR] ServerAccessManage:1089 - Problem, file not found on Server
2024-01-17 17:52:15,553 [ERROR] ServerAccessManage:1089 - Problem, file not found on Server
2024-01-17 17:52:15,812 [ERROR] ServerAccessManage:1089 - Problem, file not found on Server
2024-01-17 17:52:15,835 [WARN] MainUpdater:1194 - Updater busy. Cannot search thirdparties
2024-01-17 17:52:15,835 [INFO] ThirdPartyUpdaterWithRetryManager:96 - Updater plugin is busy. [7/15]
2024-01-17 17:52:16,986 [ERROR] ServerAccessManage:1089 - Problem, file not found on Server
2024-01-17 17:52:17,795 [ERROR] ServerAccessManage:1089 - Problem, file not found on Server
2024-01-17 17:52:17,921 [INFO] ServerAccessManage:473 - Download File STMicroelectronics.X-CUBE-ISPU.pdsc
2024-01-17 17:52:18,478 [INFO] ServerAccessManage:473 - Download File STMicroelectronics.X-CUBE-MEMS1.pdsc
2024-01-17 17:52:18,836 [WARN] MainUpdater:1194 - Updater busy. Cannot search thirdparties
2024-01-17 17:52:18,836 [INFO] ThirdPartyUpdaterWithRetryManager:96 - Updater plugin is busy. [8/15]
2024-01-17 17:52:21,656 [INFO] ServerAccessManage:473 - Download File STMicroelectronics.X-CUBE-NFC4.pdsc
2024-01-17 17:52:21,838 [WARN] MainUpdater:1194 - Updater busy. Cannot search thirdparties
2024-01-17 17:52:21,838 [INFO] ThirdPartyUpdaterWithRetryManager:96 - Updater plugin is busy. [9/15]
2024-01-17 17:52:24,368 [INFO] ServerAccessManage:473 - Download File STMicroelectronics.X-CUBE-NFC6.pdsc
2024-01-17 17:52:24,657 [INFO] ServerAccessManage:473 - Download File STMicroelectronics.X-CUBE-NFC7.pdsc
2024-01-17 17:52:24,840 [WARN] MainUpdater:1194 - Updater busy. Cannot search thirdparties
2024-01-17 17:52:24,840 [INFO] ThirdPartyUpdaterWithRetryManager:96 - Updater plugin is busy. [10/15]
2024-01-17 17:52:25,069 [INFO] ServerAccessManage:473 - Download File STMicroelectronics.X-CUBE-SFXS2LP1.pdsc
2024-01-17 17:52:25,716 [INFO] ServerAccessManage:473 - Download File STMicroelectronics.X-CUBE-SUBG2.pdsc
2024-01-17 17:52:27,113 [INFO] ServerAccessManage:473 - Download File STMicroelectronics.X-CUBE-SMBUS.pdsc
2024-01-17 17:52:27,505 [ERROR] ServerAccessManage:1089 - Problem, file not found on Server
2024-01-17 17:52:27,712 [INFO] ServerAccessManage:473 - Download File STMicroelectronics.X-CUBE-TOF1.pdsc
2024-01-17 17:52:27,843 [WARN] MainUpdater:1194 - Updater busy. Cannot search thirdparties
2024-01-17 17:52:27,843 [INFO] ThirdPartyUpdaterWithRetryManager:96 - Updater plugin is busy. [11/15]
2024-01-17 17:52:29,438 [ERROR] ServerAccessManage:1089 - Problem, file not found on Server
2024-01-17 17:52:29,636 [INFO] ServerAccessManage:473 - Download File STMicroelectronics.X-CUBE-TOUCHGFX.pdsc
2024-01-17 17:52:30,432 [ERROR] ExternalUserPreferencesManager:606 - Error while get path from external application: Cannot invoke "com.st.stm32cube.common.mx.MxActivator.getBundle()" because the return value of "com.st.stm32cube.common.mx.MxActivator.getDefault()" is null
2024-01-17 17:52:30,432 [ERROR] ExternalUserPreferencesManager:336 - Error while get preference info from external application: Cannot invoke "com.st.stm32cube.common.mx.MxActivator.getBundle()" because the return value of "com.st.stm32cube.common.mx.MxActivator.getDefault()" is null
2024-01-17 17:52:30,433 [ERROR] ExternalUserPreferencesManager:560 - Error while get preference info from external application: Cannot invoke "com.st.stm32cube.common.mx.MxActivator.getBundle()" because the return value of "com.st.stm32cube.common.mx.MxActivator.getDefault()" is null
2024-01-17 17:52:30,486 [ERROR] ExternalUserPreferencesManager:560 - Error while get preference info from external application: Cannot invoke "com.st.stm32cube.common.mx.MxActivator.getBundle()" because the return value of "com.st.stm32cube.common.mx.MxActivator.getDefault()" is null
2024-01-17 17:52:30,533 [ERROR] ExternalUserPreferencesManager:560 - Error while get preference info from external application: Cannot invoke "com.st.stm32cube.common.mx.MxActivator.getBundle()" because the return value of "com.st.stm32cube.common.mx.MxActivator.getDefault()" is null
2024-01-17 17:52:30,581 [ERROR] ExternalUserPreferencesManager:560 - Error while get preference info from external application: Cannot invoke "com.st.stm32cube.common.mx.MxActivator.getBundle()" because the return value of "com.st.stm32cube.common.mx.MxActivator.getDefault()" is null
2024-01-17 17:52:30,629 [ERROR] ExternalUserPreferencesManager:560 - Error while get preference info from external application: Cannot invoke "com.st.stm32cube.common.mx.MxActivator.getBundle()" because the return value of "com.st.stm32cube.common.mx.MxActivator.getDefault()" is null
2024-01-17 17:52:30,678 [ERROR] ExternalUserPreferencesManager:560 - Error while get preference info from external application: Cannot invoke "com.st.stm32cube.common.mx.MxActivator.getBundle()" because the return value of "com.st.stm32cube.common.mx.MxActivator.getDefault()" is null
2024-01-17 17:52:30,730 [ERROR] ExternalUserPreferencesManager:560 - Error while get preference info from external application: Cannot invoke "com.st.stm32cube.common.mx.MxActivator.getBundle()" because the return value of "com.st.stm32cube.common.mx.MxActivator.getDefault()" is null
2024-01-17 17:52:30,780 [ERROR] ExternalUserPreferencesManager:560 - Error while get preference info from external application: Cannot invoke "com.st.stm32cube.common.mx.MxActivator.getBundle()" because the return value of "com.st.stm32cube.common.mx.MxActivator.getDefault()" is null
2024-01-17 17:52:30,829 [ERROR] ExternalUserPreferencesManager:560 - Error while get preference info from external application: Cannot invoke "com.st.stm32cube.common.mx.MxActivator.getBundle()" because the return value of "com.st.stm32cube.common.mx.MxActivator.getDefault()" is null
2024-01-17 17:52:30,844 [WARN] MainUpdater:1194 - Updater busy. Cannot search thirdparties
2024-01-17 17:52:30,844 [INFO] ThirdPartyUpdaterWithRetryManager:96 - Updater plugin is busy. [12/15]
2024-01-17 17:52:30,877 [ERROR] ExternalUserPreferencesManager:560 - Error while get preference info from external application: Cannot invoke "com.st.stm32cube.common.mx.MxActivator.getBundle()" because the return value of "com.st.stm32cube.common.mx.MxActivator.getDefault()" is null
2024-01-17 17:52:30,913 [ERROR] LogOutputStream:75 - [STDERR_REDIRECT] 
