2024-02-03 17:15:36,709 [INFO] Activator:176 - 


2024-02-03 17:15:36,714 [INFO] Activator:177 - !SESSION log4j initialized
2024-02-03 17:15:40,378 [INFO] LogOutputStream:77 - [STDOUT_REDIRECT] 
2024-02-03 17:15:43,130 [INFO] ApplicationProperties:184 - Using Application install path: C:\ST\STM32CubeIDE_1.14.1\STM32CubeIDE\plugins\com.st.stm32cube.common.mx_6.10.0.202311202037
2024-02-03 17:15:43,158 [INFO] DbMcusXml:78 - Set database path to: C:\ST\STM32CubeIDE_1.14.1\STM32CubeIDE\plugins\com.st.stm32cube.common.mx_6.10.0.202311202037\\db\/mcu/
2024-02-03 17:15:43,158 [INFO] ApiDb:274 - Set plugin database path to: C:\ST\STM32CubeIDE_1.14.1\STM32CubeIDE\plugins\com.st.stm32cube.common.mx_6.10.0.202311202037\\db\/plugins/boardmanager/
2024-02-03 17:15:43,159 [WARN] ApiDb:259 - Overriding images path with different value:  => C:\ST\STM32CubeIDE_1.14.1\STM32CubeIDE\plugins\com.st.stm32cube.common.mx_6.10.0.202311202037\\db\/plugins/mcufinder/images/
2024-02-03 17:15:43,172 [INFO] ApiDb:250 - Set database path to: C:\Users\lankm\.stmcufinder\plugins\mcufinder//mcu/
2024-02-03 17:15:43,175 [INFO] DbMcusAds:125 - Set database path to: C:\Users\lankm\.stmcufinder\plugins\mcufinder//mcu/
2024-02-03 17:15:43,178 [INFO] CrossReferenceDbSqlite:203 - Set database path to: C:\Users\lankm\.stmcufinder\plugins\mcufinder//mcu/cs/
2024-02-03 17:15:43,389 [INFO] RulesReader:64 - Compatibility file has been processed (297 Rules)
2024-02-03 17:15:43,544 [INFO] DbMcusXml:78 - Set database path to: C:\ST\STM32CubeIDE_1.14.1\STM32CubeIDE\plugins\com.st.stm32cube.common.mx_6.10.0.202311202037\\db\/mcu/
2024-02-03 17:15:43,544 [INFO] ApiDb:274 - Set plugin database path to: C:\ST\STM32CubeIDE_1.14.1\STM32CubeIDE\plugins\com.st.stm32cube.common.mx_6.10.0.202311202037\\db\/plugins/boardmanager/
2024-02-03 17:15:43,544 [INFO] ApiDb:261 - Set plugin images path to: C:\ST\STM32CubeIDE_1.14.1\STM32CubeIDE\plugins\com.st.stm32cube.common.mx_6.10.0.202311202037\\db\/plugins/mcufinder/images/
2024-02-03 17:15:43,545 [WARN] DbFile:41 - Overriding database path with different value: C:\Users\lankm\.stmcufinder\plugins\mcufinder/ => C:\Users\lankm\.stmcufinder\plugins\mcufinder
2024-02-03 17:15:43,545 [INFO] ApiDb:250 - Set database path to: C:\Users\lankm\.stmcufinder\plugins\mcufinder//mcu/
2024-02-03 17:15:43,545 [WARN] DbFile:41 - Overriding database path with different value: C:\Users\lankm\.stmcufinder\plugins\mcufinder/ => C:\Users\lankm\.stmcufinder\plugins\mcufinder
2024-02-03 17:15:43,545 [INFO] DbMcusAds:125 - Set database path to: C:\Users\lankm\.stmcufinder\plugins\mcufinder//mcu/
2024-02-03 17:15:43,545 [WARN] DbFile:41 - Overriding database path with different value: C:\Users\lankm\.stmcufinder\plugins\mcufinder/ => C:\Users\lankm\.stmcufinder\plugins\mcufinder
2024-02-03 17:15:43,545 [WARN] DbFile:41 - Overriding database path with different value: C:\Users\lankm\.stmcufinder\plugins\mcufinder/ => C:\Users\lankm\.stmcufinder\plugins\mcufinder
2024-02-03 17:15:43,546 [INFO] CrossReferenceDbSqlite:203 - Set database path to: C:\Users\lankm\.stmcufinder\plugins\mcufinder//mcu/cs/
2024-02-03 17:15:43,661 [INFO] MainPanel:264 - HeapMemory: 268435456
2024-02-03 17:15:43,799 [INFO] DbMcusXml:78 - Set database path to: C:\ST\STM32CubeIDE_1.14.1\STM32CubeIDE\plugins\com.st.stm32cube.common.mx_6.10.0.202311202037\\db\/mcu/
2024-02-03 17:15:43,799 [INFO] ApiDb:274 - Set plugin database path to: C:\ST\STM32CubeIDE_1.14.1\STM32CubeIDE\plugins\com.st.stm32cube.common.mx_6.10.0.202311202037\\db\/plugins/boardmanager/
2024-02-03 17:15:43,799 [INFO] ApiDb:261 - Set plugin images path to: C:\ST\STM32CubeIDE_1.14.1\STM32CubeIDE\plugins\com.st.stm32cube.common.mx_6.10.0.202311202037\\db\/plugins/mcufinder/images/
2024-02-03 17:15:43,799 [WARN] DbFile:41 - Overriding database path with different value: C:\Users\lankm\.stmcufinder\plugins\mcufinder/ => C:\Users\lankm\.stmcufinder\plugins\mcufinder
2024-02-03 17:15:43,800 [INFO] ApiDb:250 - Set database path to: C:\Users\lankm\.stmcufinder\plugins\mcufinder//mcu/
2024-02-03 17:15:43,800 [WARN] DbFile:41 - Overriding database path with different value: C:\Users\lankm\.stmcufinder\plugins\mcufinder/ => C:\Users\lankm\.stmcufinder\plugins\mcufinder
2024-02-03 17:15:43,800 [INFO] DbMcusAds:125 - Set database path to: C:\Users\lankm\.stmcufinder\plugins\mcufinder//mcu/
2024-02-03 17:15:43,800 [WARN] DbFile:41 - Overriding database path with different value: C:\Users\lankm\.stmcufinder\plugins\mcufinder/ => C:\Users\lankm\.stmcufinder\plugins\mcufinder
2024-02-03 17:15:43,800 [WARN] DbFile:41 - Overriding database path with different value: C:\Users\lankm\.stmcufinder\plugins\mcufinder/ => C:\Users\lankm\.stmcufinder\plugins\mcufinder
2024-02-03 17:15:43,800 [INFO] CrossReferenceDbSqlite:203 - Set database path to: C:\Users\lankm\.stmcufinder\plugins\mcufinder//mcu/cs/
2024-02-03 17:15:43,830 [INFO] ApplicationProperties:184 - Using Application install path: C:\ST\STM32CubeIDE_1.14.1\STM32CubeIDE\plugins\com.st.stm32cube.common.mx_6.10.0.202311202037
2024-02-03 17:15:43,832 [INFO] PluginManage:196 - Search for loadable plugins [exclusion list=, ]
2024-02-03 17:15:43,835 [INFO] PluginManage:310 - Check plugin analytics
2024-02-03 17:15:44,100 [INFO] AnalyticsPlugin:253 - Accepted Software Licenses: 
2024-02-03 17:15:44,100 [INFO] AnalyticsPlugin:255 - Accepted CMSIS Pack Licenses: 
2024-02-03 17:15:44,101 [INFO] AnalyticsPlugin:257 - Accepted Firmware Licenses: 
2024-02-03 17:15:44,106 [INFO] PluginManage:359 - Loaded plugin analytics (category:tool,tabindex:-1)
2024-02-03 17:15:44,107 [INFO] PluginManage:310 - Check plugin cadmodel
2024-02-03 17:15:44,112 [INFO] CADModel:105 - Init CAD model plugin
2024-02-03 17:15:44,113 [INFO] PluginManage:359 - Loaded plugin cadmodel (category:power,tabindex:5)
2024-02-03 17:15:44,113 [INFO] PluginManage:310 - Check plugin clock
2024-02-03 17:15:44,126 [INFO] PluginManage:359 - Loaded plugin clock (category:base,tabindex:2)
2024-02-03 17:15:44,126 [INFO] PluginManage:310 - Check plugin ddr
2024-02-03 17:15:44,129 [INFO] PluginManage:359 - Loaded plugin ddr (category:tool,tabindex:6)
2024-02-03 17:15:44,129 [INFO] PluginManage:310 - Check plugin filemanager
2024-02-03 17:15:44,306 [INFO] PluginManage:359 - Loaded plugin filemanager (category:base,tabindex:10)
2024-02-03 17:15:44,306 [INFO] PluginManage:310 - Check plugin ipmanager
2024-02-03 17:15:44,315 [INFO] PluginManage:359 - Loaded plugin ipmanager (category:base,tabindex:5)
2024-02-03 17:15:44,316 [INFO] PluginManage:310 - Check plugin lpbam
2024-02-03 17:15:44,329 [INFO] PluginManage:359 - Loaded plugin lpbam (category:base,tabindex:0)
2024-02-03 17:15:44,329 [INFO] PluginManage:310 - Check plugin memorymap
2024-02-03 17:15:44,347 [INFO] PluginManage:359 - Loaded plugin memorymap (category:base,tabindex:4)
2024-02-03 17:15:44,347 [INFO] PluginManage:310 - Check plugin pinoutandconfiguration
2024-02-03 17:15:44,362 [INFO] PluginManage:359 - Loaded plugin pinoutandconfiguration (category:base,tabindex:1)
2024-02-03 17:15:44,363 [INFO] PluginManage:310 - Check plugin pinoutconfig
2024-02-03 17:15:44,549 [WARN] SupportedApi:132 - Cannot load RTOS API schema: s4s-elt-must-match.1: The content of 'definitions' must match (annotation?, (simpleType | complexType)?, (unique | key | keyref)*)). A problem was found starting at: attribute.
2024-02-03 17:15:44,799 [INFO] PluginManage:359 - Loaded plugin pinoutconfig (category:base,tabindex:0)
2024-02-03 17:15:44,799 [INFO] PluginManage:310 - Check plugin power
2024-02-03 17:15:44,812 [INFO] PluginManage:359 - Loaded plugin power (category:power,tabindex:4)
2024-02-03 17:15:44,813 [INFO] PluginManage:310 - Check plugin projectmanager
2024-02-03 17:15:44,840 [INFO] PluginManage:359 - Loaded plugin projectmanager (category:projectmanager,tabindex:3)
2024-02-03 17:15:44,841 [INFO] PluginManage:310 - Check plugin thirdparty
2024-02-03 17:15:45,100 [INFO] PluginManage:359 - Loaded plugin thirdparty (category:base,tabindex:-1)
2024-02-03 17:15:45,100 [WARN] IntegrityCheckThread:84 - waiting for thirdparty lock release [integrity check]
2024-02-03 17:15:45,100 [INFO] PluginManage:310 - Check plugin tools
2024-02-03 17:15:45,100 [INFO] IntegrityCheckThread:86 - entering critical section [integrity check]
2024-02-03 17:15:45,103 [INFO] ThirdPartyUpdaterWithRetryManager:70 - Updater plugin not ready yet. [1/15]
2024-02-03 17:15:45,108 [INFO] PluginManage:359 - Loaded plugin tools (category:base,tabindex:7)
2024-02-03 17:15:45,108 [INFO] PluginManage:310 - Check plugin tutovideos
2024-02-03 17:15:45,424 [INFO] PluginManage:359 - Loaded plugin tutovideos (category:base,tabindex:-1)
2024-02-03 17:15:45,425 [INFO] PluginManage:310 - Check plugin updater
2024-02-03 17:15:45,440 [INFO] PluginManage:359 - Loaded plugin updater (category:base,tabindex:12)
2024-02-03 17:15:45,440 [INFO] PluginManage:310 - Check plugin userauth
2024-02-03 17:15:45,447 [INFO] UserAuth:114 - Init User Auth plugin
2024-02-03 17:15:45,447 [INFO] PluginManage:359 - Loaded plugin userauth (category:base,tabindex:14)
2024-02-03 17:15:45,448 [INFO] PluginManage:283 - PluginManage : Loaded plugins [17]
2024-02-03 17:15:45,756 [INFO] PinOutPanel:1499 - setPackage(No Configuration,No Configuration)
2024-02-03 17:15:45,859 [INFO] CADModel:165 - CPN selected for project level
2024-02-03 17:15:45,859 [INFO] CADModel:114 - Register for checkConnection events
2024-02-03 17:15:45,879 [INFO] IPUIPlugin:80 - create IPUIPlugin
2024-02-03 17:15:45,879 [INFO] PluginManager:220 - loadIPPluginJar : add adc
2024-02-03 17:15:45,882 [INFO] IPUIPlugin:80 - create IPUIPlugin
2024-02-03 17:15:45,882 [INFO] PluginManager:220 - loadIPPluginJar : add aes
2024-02-03 17:15:45,887 [INFO] IPUIPlugin:80 - create IPUIPlugin
2024-02-03 17:15:45,887 [INFO] PluginManager:220 - loadIPPluginJar : add can
2024-02-03 17:15:45,889 [INFO] IPUIPlugin:80 - create IPUIPlugin
2024-02-03 17:15:45,890 [INFO] PluginManager:220 - loadIPPluginJar : add comp
2024-02-03 17:15:45,894 [INFO] IPUIPlugin:80 - create IPUIPlugin
2024-02-03 17:15:45,894 [INFO] PluginManager:220 - loadIPPluginJar : add cryp
2024-02-03 17:15:45,897 [INFO] IPUIPlugin:80 - create IPUIPlugin
2024-02-03 17:15:45,898 [INFO] PluginManager:220 - loadIPPluginJar : add dfsdm
2024-02-03 17:15:45,905 [INFO] IPUIPlugin:80 - create IPUIPlugin
2024-02-03 17:15:45,906 [INFO] PluginManager:220 - loadIPPluginJar : add dma
2024-02-03 17:15:45,909 [INFO] IPUIPlugin:80 - create IPUIPlugin
2024-02-03 17:15:45,910 [INFO] PluginManager:220 - loadIPPluginJar : add dma3
2024-02-03 17:15:45,912 [INFO] IPUIPlugin:80 - create IPUIPlugin
2024-02-03 17:15:45,912 [INFO] PluginManager:220 - loadIPPluginJar : add fatfs
2024-02-03 17:15:45,919 [INFO] IPUIPlugin:80 - create IPUIPlugin
2024-02-03 17:15:45,919 [INFO] PluginManager:220 - loadIPPluginJar : add fmc
2024-02-03 17:15:45,926 [INFO] IPUIPlugin:80 - create IPUIPlugin
2024-02-03 17:15:45,926 [INFO] PluginManager:220 - loadIPPluginJar : add freertos
2024-02-03 17:15:45,928 [INFO] IPUIPlugin:80 - create IPUIPlugin
2024-02-03 17:15:45,928 [INFO] PluginManager:220 - loadIPPluginJar : add genericplugin
2024-02-03 17:15:45,932 [INFO] IPUIPlugin:80 - create IPUIPlugin
2024-02-03 17:15:45,932 [INFO] PluginManager:220 - loadIPPluginJar : add gfxmmu
2024-02-03 17:15:45,940 [INFO] IPUIPlugin:80 - create IPUIPlugin
2024-02-03 17:15:45,941 [INFO] PluginManager:220 - loadIPPluginJar : add gic
2024-02-03 17:15:45,947 [INFO] IPUIPlugin:80 - create IPUIPlugin
2024-02-03 17:15:45,948 [INFO] PluginManager:220 - loadIPPluginJar : add gpio
2024-02-03 17:15:45,953 [INFO] IPUIPlugin:80 - create IPUIPlugin
2024-02-03 17:15:45,953 [INFO] PluginManager:220 - loadIPPluginJar : add gtzc
2024-02-03 17:15:45,957 [INFO] IPUIPlugin:80 - create IPUIPlugin
2024-02-03 17:15:45,957 [INFO] PluginManager:220 - loadIPPluginJar : add hash
2024-02-03 17:15:45,960 [INFO] IPUIPlugin:80 - create IPUIPlugin
2024-02-03 17:15:45,961 [INFO] PluginManager:220 - loadIPPluginJar : add i2c
2024-02-03 17:15:45,964 [INFO] IPUIPlugin:80 - create IPUIPlugin
2024-02-03 17:15:45,964 [INFO] PluginManager:220 - loadIPPluginJar : add i2s
2024-02-03 17:15:45,967 [INFO] IPUIPlugin:80 - create IPUIPlugin
2024-02-03 17:15:45,968 [INFO] PluginManager:220 - loadIPPluginJar : add i3c
2024-02-03 17:15:45,972 [INFO] IPUIPlugin:80 - create IPUIPlugin
2024-02-03 17:15:45,973 [INFO] PluginManager:220 - loadIPPluginJar : add ipddr
2024-02-03 17:15:45,983 [INFO] IPUIPlugin:80 - create IPUIPlugin
2024-02-03 17:15:45,984 [INFO] PluginManager:220 - loadIPPluginJar : add linkedlist
2024-02-03 17:15:45,991 [INFO] IPUIPlugin:80 - create IPUIPlugin
2024-02-03 17:15:45,991 [INFO] PluginManager:220 - loadIPPluginJar : add lorawan
2024-02-03 17:15:45,996 [INFO] IPUIPlugin:80 - create IPUIPlugin
2024-02-03 17:15:45,997 [INFO] PluginManager:220 - loadIPPluginJar : add ltdc
2024-02-03 17:15:46,009 [INFO] IPUIPlugin:80 - create IPUIPlugin
2024-02-03 17:15:46,010 [INFO] PluginManager:220 - loadIPPluginJar : add mdma
2024-02-03 17:15:46,017 [INFO] IPUIPlugin:80 - create IPUIPlugin
2024-02-03 17:15:46,017 [INFO] PluginManager:220 - loadIPPluginJar : add nvic
2024-02-03 17:15:46,022 [INFO] IPUIPlugin:80 - create IPUIPlugin
2024-02-03 17:15:46,023 [INFO] PluginManager:220 - loadIPPluginJar : add opamp
2024-02-03 17:15:46,027 [INFO] IPUIPlugin:80 - create IPUIPlugin
2024-02-03 17:15:46,028 [INFO] PluginManager:220 - loadIPPluginJar : add openamp
2024-02-03 17:15:46,035 [INFO] IPUIPlugin:80 - create IPUIPlugin
2024-02-03 17:15:46,035 [INFO] PluginManager:220 - loadIPPluginJar : add pdm2pcm
2024-02-03 17:15:46,049 [INFO] IPUIPlugin:80 - create IPUIPlugin
2024-02-03 17:15:46,055 [INFO] PluginManager:220 - loadIPPluginJar : add plateformsettings
2024-02-03 17:15:46,059 [INFO] IPUIPlugin:80 - create IPUIPlugin
2024-02-03 17:15:46,059 [INFO] PluginManager:220 - loadIPPluginJar : add quadspi
2024-02-03 17:15:46,068 [INFO] IPUIPlugin:80 - create IPUIPlugin
2024-02-03 17:15:46,069 [INFO] PluginManager:220 - loadIPPluginJar : add resmgrutility
2024-02-03 17:15:46,079 [INFO] IPUIPlugin:80 - create IPUIPlugin
2024-02-03 17:15:46,080 [INFO] PluginManager:220 - loadIPPluginJar : add sai
2024-02-03 17:15:46,090 [INFO] IPUIPlugin:80 - create IPUIPlugin
2024-02-03 17:15:46,091 [INFO] PluginManager:220 - loadIPPluginJar : add spi
2024-02-03 17:15:46,104 [INFO] IPUIPlugin:80 - create IPUIPlugin
2024-02-03 17:15:46,105 [INFO] PluginManager:220 - loadIPPluginJar : add stm32_wpan
2024-02-03 17:15:46,111 [INFO] IPUIPlugin:80 - create IPUIPlugin
2024-02-03 17:15:46,111 [INFO] PluginManager:220 - loadIPPluginJar : add tim
2024-02-03 17:15:46,119 [INFO] IPUIPlugin:80 - create IPUIPlugin
2024-02-03 17:15:46,119 [INFO] PluginManager:220 - loadIPPluginJar : add touchsensing
2024-02-03 17:15:46,124 [INFO] IPUIPlugin:80 - create IPUIPlugin
2024-02-03 17:15:46,124 [INFO] PluginManager:220 - loadIPPluginJar : add tracer_emb
2024-02-03 17:15:46,130 [INFO] IPUIPlugin:80 - create IPUIPlugin
2024-02-03 17:15:46,131 [INFO] PluginManager:220 - loadIPPluginJar : add ts
2024-02-03 17:15:46,135 [INFO] IPUIPlugin:80 - create IPUIPlugin
2024-02-03 17:15:46,136 [INFO] PluginManager:220 - loadIPPluginJar : add tsc
2024-02-03 17:15:46,144 [INFO] IPUIPlugin:80 - create IPUIPlugin
2024-02-03 17:15:46,144 [INFO] PluginManager:220 - loadIPPluginJar : add ucpd
2024-02-03 17:15:46,150 [INFO] IPUIPlugin:80 - create IPUIPlugin
2024-02-03 17:15:46,151 [INFO] PluginManager:220 - loadIPPluginJar : add usart
2024-02-03 17:15:46,158 [INFO] IPUIPlugin:80 - create IPUIPlugin
2024-02-03 17:15:46,158 [INFO] PluginManager:220 - loadIPPluginJar : add usbx
2024-02-03 17:15:46,374 [INFO] CADModel:165 - CPN selected for project level
2024-02-03 17:15:46,375 [INFO] CADModel:114 - Register for checkConnection events
2024-02-03 17:15:46,375 [FATAL] Updater:308 - Updater called before beeing initialized
2024-02-03 17:15:46,376 [ERROR] CADModel:125 - Updater not yet initialized, retry later 
2024-02-03 17:15:46,641 [INFO] CADModel:165 - CPN selected for project level
2024-02-03 17:15:46,641 [INFO] CADModel:114 - Register for checkConnection events
2024-02-03 17:15:46,642 [FATAL] Updater:308 - Updater called before beeing initialized
2024-02-03 17:15:46,642 [ERROR] CADModel:125 - Updater not yet initialized, retry later 
2024-02-03 17:15:46,651 [FATAL] Updater:308 - Updater called before beeing initialized
2024-02-03 17:15:46,919 [FATAL] Updater:308 - Updater called before beeing initialized
2024-02-03 17:15:46,926 [INFO] DbMcusAds:53 - JSON generation date=Thu Sep 30 01:55:09 CDT 2021 (1632984909247)
2024-02-03 17:15:46,926 [FATAL] Updater:308 - Updater called before beeing initialized
2024-02-03 17:15:46,979 [WARN] DetailPanel:346 - Failed to get advertising image, set to default
2024-02-03 17:15:47,122 [FATAL] Updater:308 - Updater called before beeing initialized
2024-02-03 17:15:47,127 [FATAL] Updater:308 - Updater called before beeing initialized
2024-02-03 17:15:47,128 [FATAL] Updater:308 - Updater called before beeing initialized
2024-02-03 17:15:47,128 [WARN] DetailPanel:346 - Failed to get advertising image, set to default
2024-02-03 17:15:47,130 [FATAL] Updater:308 - Updater called before beeing initialized
2024-02-03 17:15:47,249 [ERROR] Updater:1120 - MainUpdater not yet initialized. External WinMGr cannot be set.
2024-02-03 17:15:47,254 [INFO] Updater:1056 - Updater Version found : 6.10.0
2024-02-03 17:15:47,290 [INFO] ApplicationProperties:184 - Using Application install path: C:\ST\STM32CubeIDE_1.14.1\STM32CubeIDE\plugins\com.st.stm32cube.common.mx_6.10.0.202311202037
2024-02-03 17:15:48,104 [INFO] ThirdPartyUpdaterWithRetryManager:70 - Updater plugin not ready yet. [2/15]
2024-02-03 17:15:48,878 [ERROR] LogOutputStream:75 - [STDERR_REDIRECT] Feb 03, 2024 5:15:48 PM java.util.prefs.WindowsPreferences <init>
2024-02-03 17:15:48,879 [ERROR] LogOutputStream:75 - [STDERR_REDIRECT] WARNING: Could not open/create prefs root node Software\JavaSoft\Prefs at root 0xffffffff80000002. Windows RegCreateKeyEx(...) returned error code 5.
2024-02-03 17:15:48,881 [ERROR] LogOutputStream:75 - [STDERR_REDIRECT] 
2024-02-03 17:15:49,310 [INFO] MainUpdater:2873 - connection check result : 10
2024-02-03 17:15:49,311 [INFO] MainUpdater:3567 - Updater definition file requires update
2024-02-03 17:15:49,312 [INFO] MainUpdater:290 - Updater Check For Update Now.
2024-02-03 17:15:49,313 [INFO] MicroXplorer:498 - Change Database Version : DB.6.0.100
2024-02-03 17:15:49,327 [INFO] McuFinderGlobals:63 - Set McuFinder mode to 2 (CubeIDE integrated)
2024-02-03 17:15:49,327 [INFO] UserAuth:180 - activating auth plugin
2024-02-03 17:15:49,332 [INFO] UserAuth:404 - Internet connection configuration mode: 1
2024-02-03 17:15:49,349 [INFO] JxBrowserEngine:152 - Initiate JxBrowser Engine with user profile folder
2024-02-03 17:15:49,405 [INFO] ServerAccessManage:473 - Download File updaters.zip
2024-02-03 17:15:49,582 [INFO] FileExtend:240 - Unzip File : updaters.zip
2024-02-03 17:15:49,582 [INFO] FileExtend:255 - Standard Zip Deflate
2024-02-03 17:15:50,577 [INFO] ServerAccessManage:473 - Download File PacksControlFlags.xml
2024-02-03 17:15:50,635 [INFO] WebApp:161 - Instantiating new browser for Auth
2024-02-03 17:15:50,781 [INFO] ServerAccessManage:473 - Download File cubemx.pidx
2024-02-03 17:15:51,076 [INFO] LoadServerUpdatesThread:375 - End of LoadServerUpdate Thread
2024-02-03 17:15:51,106 [WARN] MainUpdater:1194 - Updater busy. Cannot search thirdparties
2024-02-03 17:15:51,107 [INFO] ThirdPartyUpdaterWithRetryManager:96 - Updater plugin is busy. [1/15]
2024-02-03 17:15:51,210 [WARN] CheckServerUpdateThread:151 - Open CheckUpdateFile Fail
2024-02-03 17:15:51,373 [INFO] CheckServerUpdateThread:120 - End of CheckServer Thread
2024-02-03 17:15:51,873 [INFO] WebApp:780 - Register for checkConnection events
2024-02-03 17:15:51,873 [INFO] WebApp:414 - Apply proxy settings
2024-02-03 17:15:51,873 [INFO] WebApp:499 - Chromium requires no authentication
2024-02-03 17:15:51,883 [INFO] WebApp:442 - Direct internet connection detected
2024-02-03 17:15:52,093 [INFO] WebApp:192 - Starting web application
2024-02-03 17:15:52,093 [INFO] WebApp:544 - Web application path used C:\ST\STM32CubeIDE_1.14.1\STM32CubeIDE\plugins\com.st.stm32cube.common.mx_6.10.0.202311202037\db\plugins\mcufinder\reactClient1\index.html
2024-02-03 17:15:54,338 [WARN] PackLoader:240 - Cannot read IP mode file for STMicroelectronics.X-CUBE-SMBUS.2.1.0
2024-02-03 17:15:54,371 [WARN] PackLoader:240 - Cannot read IP mode file for STMicroelectronics.FP-SNS-MOTENV1.4.3.2
2024-02-03 17:15:54,407 [WARN] PackLoader:240 - Cannot read IP mode file for STMicroelectronics.FP-SNS-FLIGHT1.5.0.2
2024-02-03 17:15:54,457 [WARN] PackLoader:240 - Cannot read IP mode file for STMicroelectronics.X-CUBE-DISPLAY.3.0.0
2024-02-03 17:15:54,517 [WARN] PackLoader:240 - Cannot read IP mode file for STMicroelectronics.X-CUBE-BLE1.7.0.0
2024-02-03 17:15:54,548 [WARN] PackLoader:240 - Cannot read IP mode file for STMicroelectronics.FP-SNS-SMARTAG2.1.2.0
2024-02-03 17:15:54,585 [WARN] PackLoader:240 - Cannot read IP mode file for STMicroelectronics.X-CUBE-BLE2.3.3.0
2024-02-03 17:15:54,606 [WARN] PackLoader:240 - Cannot read IP mode file for STMicroelectronics.X-CUBE-ALGOBUILD.1.3.0
2024-02-03 17:15:54,636 [WARN] PackLoader:240 - Cannot read IP mode file for STMicroelectronics.X-CUBE-NFC4.3.0.0
2024-02-03 17:15:54,685 [WARN] PackLoader:240 - Cannot read IP mode file for STMicroelectronics.X-CUBE-BLEMGR.3.0.0
2024-02-03 17:15:54,707 [WARN] PackLoader:240 - Cannot read IP mode file for STMicroelectronics.FP-ATR-SIGFOX1.3.2.0
2024-02-03 17:15:54,736 [WARN] PackLoader:240 - Cannot read IP mode file for STMicroelectronics.X-CUBE-GNSS1.6.0.0
2024-02-03 17:15:54,766 [WARN] PackLoader:240 - Cannot read IP mode file for STMicroelectronics.X-CUBE-EEPRMA1.4.2.0
2024-02-03 17:15:54,797 [WARN] PackLoader:240 - Cannot read IP mode file for STMicroelectronics.X-CUBE-NFC7.1.0.1
2024-02-03 17:15:54,825 [WARN] PackLoader:240 - Cannot read IP mode file for STMicroelectronics.X-CUBE-NFC6.3.0.0
2024-02-03 17:15:54,848 [WARN] PackLoader:240 - Cannot read IP mode file for STMicroelectronics.X-CUBE-AI.8.1.0
2024-02-03 17:15:54,871 [WARN] PackLoader:240 - Cannot read IP mode file for STMicroelectronics.X-CUBE-SFXS2LP1.4.0.0
2024-02-03 17:15:54,909 [WARN] PackLoader:240 - Cannot read IP mode file for STMicroelectronics.X-CUBE-SUBG2.5.0.0
2024-02-03 17:15:55,042 [WARN] PackLoader:240 - Cannot read IP mode file for STMicroelectronics.X-CUBE-MEMS1.10.0.0
2024-02-03 17:15:55,302 [WARN] PackLoader:240 - Cannot read IP mode file for STMicroelectronics.X-CUBE-FREERTOS.1.1.0
2024-02-03 17:15:55,327 [WARN] PackLoader:240 - Cannot read IP mode file for STMicroelectronics.X-CUBE-ALS.1.0.1
2024-02-03 17:15:55,339 [WARN] PackLoader:240 - Cannot read IP mode file for STMicroelectronics.FP-ATR-ASTRA1.2.0.0
2024-02-03 17:15:55,341 [INFO] ThirdParty:978 - Integrity check success = true
2024-02-03 17:15:55,341 [INFO] IntegrityCheckThread:100 - exiting critical section [integrity check]
2024-02-03 17:15:55,341 [INFO] IntegrityCheckThread:103 - End integrity checks thread
2024-02-03 17:16:13,799 [ERROR] LogOutputStream:75 - [STDERR_REDIRECT] SLF4J: Failed to load class "org.slf4j.impl.StaticLoggerBinder".
2024-02-03 17:16:13,801 [ERROR] LogOutputStream:75 - [STDERR_REDIRECT] SLF4J: Defaulting to no-operation (NOP) logger implementation
2024-02-03 17:16:13,803 [ERROR] LogOutputStream:75 - [STDERR_REDIRECT] SLF4J: See http://www.slf4j.org/codes.html#StaticLoggerBinder for further details.
